c:\users\сергей\github\lab3_op_2term\lab3_op_2term\lab3_op_2term\debug\vc141.pdb
c:\users\сергей\github\lab3_op_2term\lab3_op_2term\lab3_op_2term\debug\vc141.idb
c:\users\сергей\github\lab3_op_2term\lab3_op_2term\lab3_op_2term\debug\realization.obj
c:\users\сергей\github\lab3_op_2term\lab3_op_2term\lab3_op_2term\debug\queue.obj
c:\users\сергей\github\lab3_op_2term\lab3_op_2term\lab3_op_2term\debug\node.obj
c:\users\сергей\github\lab3_op_2term\lab3_op_2term\lab3_op_2term\debug\generate_map.obj
c:\users\сергей\github\lab3_op_2term\lab3_op_2term\lab3_op_2term\debug\main.obj
c:\users\сергей\github\lab3_op_2term\lab3_op_2term\debug\lab3_op_2term.pdb
c:\users\сергей\github\lab3_op_2term\lab3_op_2term\lab3_op_2term\debug\lab3_op_2term.tlog\cl.command.1.tlog
c:\users\сергей\github\lab3_op_2term\lab3_op_2term\lab3_op_2term\debug\lab3_op_2term.tlog\cl.read.1.tlog
c:\users\сергей\github\lab3_op_2term\lab3_op_2term\lab3_op_2term\debug\lab3_op_2term.tlog\cl.write.1.tlog
c:\users\сергей\github\lab3_op_2term\lab3_op_2term\lab3_op_2term\debug\lab3_op_2term.tlog\link-cvtres.read.1.tlog
c:\users\сергей\github\lab3_op_2term\lab3_op_2term\lab3_op_2term\debug\lab3_op_2term.tlog\link-cvtres.write.1.tlog
c:\users\сергей\github\lab3_op_2term\lab3_op_2term\lab3_op_2term\debug\lab3_op_2term.tlog\link-rc.read.1.tlog
c:\users\сергей\github\lab3_op_2term\lab3_op_2term\lab3_op_2term\debug\lab3_op_2term.tlog\link-rc.write.1.tlog
c:\users\сергей\github\lab3_op_2term\lab3_op_2term\lab3_op_2term\debug\lab3_op_2term.tlog\link.5284-cvtres.read.1.tlog
c:\users\сергей\github\lab3_op_2term\lab3_op_2term\lab3_op_2term\debug\lab3_op_2term.tlog\link.5284-cvtres.write.1.tlog
c:\users\сергей\github\lab3_op_2term\lab3_op_2term\lab3_op_2term\debug\lab3_op_2term.tlog\link.5284-rc.read.1.tlog
c:\users\сергей\github\lab3_op_2term\lab3_op_2term\lab3_op_2term\debug\lab3_op_2term.tlog\link.5284-rc.write.1.tlog
c:\users\сергей\github\lab3_op_2term\lab3_op_2term\lab3_op_2term\debug\lab3_op_2term.tlog\link.5284.read.1.tlog
c:\users\сергей\github\lab3_op_2term\lab3_op_2term\lab3_op_2term\debug\lab3_op_2term.tlog\link.5284.write.1.tlog
c:\users\сергей\github\lab3_op_2term\lab3_op_2term\lab3_op_2term\debug\lab3_op_2term.tlog\link.command.1.tlog
c:\users\сергей\github\lab3_op_2term\lab3_op_2term\lab3_op_2term\debug\lab3_op_2term.tlog\link.read.1.tlog
c:\users\сергей\github\lab3_op_2term\lab3_op_2term\lab3_op_2term\debug\lab3_op_2term.tlog\link.write.1.tlog
